\BOOKMARK [1][-]{section*.5}{\376\377\004\022\004\022\004\025\004\024\004\025\004\035\004\030\004\025}{}% 1
\BOOKMARK [1][-]{section.1}{\376\377\004\020\004\075\004\060\004\073\004\070\004\067\000\040\004\077\004\100\004\065\004\064\004\074\004\065\004\102\004\075\004\076\004\071\000\040\004\076\004\061\004\073\004\060\004\101\004\102\004\070}{}% 2
\BOOKMARK [2][-]{subsection.1.1}{\376\377\004\036\004\077\004\070\004\101\004\060\004\075\004\070\004\065\000\040\004\077\004\100\004\065\004\064\004\074\004\065\004\102\004\075\004\076\004\071\000\040\004\076\004\061\004\073\004\060\004\101\004\102\004\070}{section.1}% 3
\BOOKMARK [2][-]{subsection.1.2}{\376\377\004\034\004\065\004\102\004\076\004\064\004\076\004\073\004\076\004\063\004\070\004\117\000\040\000A\000g\000i\000l\000e}{section.1}% 4
\BOOKMARK [2][-]{subsection.1.3}{\376\377\004\034\004\065\004\102\004\076\004\064\004\076\004\073\004\076\004\063\004\070\004\117\000\040\000K\000a\000n\000b\000a\000n}{section.1}% 5
\BOOKMARK [2][-]{subsection.1.4}{\376\377\000I\000T\000\040\004\062\000\040\004\040\004\076\004\101\004\101\004\070\004\070}{section.1}% 6
\BOOKMARK [2][-]{subsection.1.5}{\376\377\004\024\004\070\004\075\004\060\004\074\004\070\004\072\004\060\000\040\004\070\000\040\004\077\004\065\004\100\004\101\004\077\004\065\004\072\004\102\004\070\004\062\004\113\000\040\004\100\004\060\004\067\004\062\004\070\004\102\004\070\004\117\000\040\000I\000T\000-\004\101\004\104\004\065\004\100\004\113}{section.1}% 7
\BOOKMARK [1][-]{section.2}{\376\377\004\042\004\065\004\105\004\075\004\070\004\107\004\065\004\101\004\072\004\076\004\065\000\040\004\067\004\060\004\064\004\060\004\075\004\070\004\065}{}% 8
\BOOKMARK [2][-]{subsection.2.1}{\376\377\004\036\004\101\004\075\004\076\004\062\004\060\004\075\004\070\004\065\000\040\004\064\004\073\004\117\000\040\004\100\004\060\004\067\004\100\004\060\004\061\004\076\004\102\004\072\004\070}{section.2}% 9
\BOOKMARK [2][-]{subsection.2.2}{\376\377\004\046\004\065\004\073\004\114\000\040\004\070\000\040\004\075\004\060\004\067\004\075\004\060\004\107\004\065\004\075\004\070\004\065\000\040\004\100\004\060\004\067\004\100\004\060\004\061\004\076\004\102\004\072\004\070}{section.2}% 10
\BOOKMARK [2][-]{subsection.2.3}{\376\377\004\020\004\072\004\102\004\103\004\060\004\073\004\114\004\075\004\076\004\101\004\102\004\114\000\040\004\102\004\065\004\074\004\113\000\040\004\100\004\060\004\067\004\100\004\060\004\061\004\076\004\102\004\072\004\070}{section.2}% 11
\BOOKMARK [2][-]{subsection.2.4}{\376\377\004\055\004\102\004\060\004\077\004\113\000\040\004\100\004\060\004\067\004\100\004\060\004\061\004\076\004\102\004\072\004\070}{section.2}% 12
\BOOKMARK [2][-]{subsection.2.5}{\376\377\004\042\004\100\004\065\004\061\004\076\004\062\004\060\004\075\004\070\004\117\000\040\004\072\000\040\004\077\004\100\004\076\004\063\004\100\004\060\004\074\004\074\004\075\004\076\004\071\000\040\004\101\004\070\004\101\004\102\004\065\004\074\004\065}{section.2}% 13
\BOOKMARK [3][-]{subsubsection.2.5.1}{\376\377\004\042\004\100\004\065\004\061\004\076\004\062\004\060\004\075\004\070\004\117\000\040\004\072\000\040\004\064\004\060\004\075\004\075\004\113\004\074}{subsection.2.5}% 14
\BOOKMARK [3][-]{subsubsection.2.5.2}{\376\377\004\044\004\103\004\075\004\072\004\106\004\070\004\076\004\075\004\060\004\073\004\114\004\075\004\113\004\065\000\040\004\102\004\100\004\065\004\061\004\076\004\062\004\060\004\075\004\070\004\117}{subsection.2.5}% 15
\BOOKMARK [3][-]{subsubsection.2.5.3}{\376\377\004\041\004\106\004\065\004\075\004\060\004\100\004\070\004\071\000\040\004\077\004\100\004\065\004\106\004\065\004\064\004\065\004\075\004\102\004\060\000\040\000\253\004\040\004\065\004\063\004\070\004\101\004\102\004\100\004\060\004\106\004\070\004\117\000\273}{subsection.2.5}% 16
\BOOKMARK [3][-]{subsubsection.2.5.4}{\376\377\004\041\004\106\004\065\004\075\004\060\004\100\004\070\004\071\000\040\004\077\004\100\004\065\004\106\004\065\004\064\004\065\004\075\004\102\004\060\000\040\000\253\004\020\004\103\004\102\004\065\004\075\004\102\004\070\004\104\004\070\004\072\004\060\004\106\004\070\004\117\000\273}{subsection.2.5}% 17
\BOOKMARK [3][-]{subsubsection.2.5.5}{\376\377\004\041\004\106\004\065\004\075\004\060\004\100\004\070\004\071\000\040\004\077\004\100\004\065\004\106\004\065\004\064\004\065\004\075\004\102\004\060\000\040\000\253\004\022\004\113\004\105\004\076\004\064\000\040\004\070\004\067\000\040\004\101\004\070\004\101\004\102\004\065\004\074\004\113\000\273}{subsection.2.5}% 18
\BOOKMARK [3][-]{subsubsection.2.5.6}{\376\377\004\041\004\106\004\065\004\075\004\060\004\100\004\070\004\071\000\040\004\077\004\100\004\065\004\106\004\065\004\064\004\065\004\075\004\102\004\060\000\040\000\253\004\037\004\100\004\076\004\101\004\074\004\076\004\102\004\100\000\040\004\077\004\100\004\076\004\104\004\070\004\073\004\117\000\273}{subsection.2.5}% 19
\BOOKMARK [3][-]{subsubsection.2.5.7}{\376\377\004\041\004\106\004\065\004\075\004\060\004\100\004\070\004\071\000\040\004\077\004\100\004\065\004\106\004\065\004\064\004\065\004\075\004\102\004\060\000\040\000\253\004\040\004\065\004\064\004\060\004\072\004\102\004\070\004\100\004\076\004\062\004\060\004\075\004\070\004\065\000\040\004\077\004\100\004\076\004\104\004\070\004\073\004\117\000\273}{subsection.2.5}% 20
\BOOKMARK [3][-]{subsubsection.2.5.8}{\376\377\004\041\004\106\004\065\004\075\004\060\004\100\004\070\004\071\000\040\004\077\004\100\004\065\004\106\004\065\004\064\004\065\004\075\004\102\004\060\000\040\000\253\004\043\004\064\004\060\004\073\004\065\004\075\004\070\004\065\000\040\004\077\004\100\004\076\004\104\004\070\004\073\004\117\000\273}{subsection.2.5}% 21
\BOOKMARK [3][-]{subsubsection.2.5.9}{\376\377\004\041\004\106\004\065\004\075\004\060\004\100\004\070\004\071\000\040\004\077\004\100\004\065\004\106\004\065\004\064\004\065\004\075\004\102\004\060\000\040\000\253\004\041\004\076\004\067\004\064\004\060\004\075\004\070\004\065\000\040\004\075\004\076\004\062\004\076\004\063\004\076\000\040\004\077\004\100\004\076\004\065\004\072\004\102\004\060\000\273}{subsection.2.5}% 22
\BOOKMARK [3][-]{subsubsection.2.5.10}{\376\377\004\041\004\106\004\065\004\075\004\060\004\100\004\070\004\071\000\040\004\077\004\100\004\065\004\106\004\065\004\064\004\065\004\075\004\102\004\060\000\040\000\253\004\040\004\065\004\064\004\060\004\072\004\102\004\070\004\100\004\076\004\062\004\060\004\075\004\070\004\065\000\040\004\077\004\100\004\076\004\065\004\072\004\102\004\060\000\273}{subsection.2.5}% 23
\BOOKMARK [3][-]{subsubsection.2.5.11}{\376\377\004\041\004\106\004\065\004\075\004\060\004\100\004\070\004\071\000\040\004\077\004\100\004\065\004\106\004\065\004\064\004\065\004\075\004\102\004\060\000\040\000\253\004\043\004\064\004\060\004\073\004\065\004\075\004\070\004\065\000\040\004\077\004\100\004\076\004\065\004\072\004\102\004\060\000\273}{subsection.2.5}% 24
\BOOKMARK [3][-]{subsubsection.2.5.12}{\376\377\004\041\004\106\004\065\004\075\004\060\004\100\004\070\004\071\000\040\004\077\004\100\004\065\004\106\004\065\004\064\004\065\004\075\004\102\004\060\000\040\000\253\004\043\004\077\004\100\004\060\004\062\004\073\004\065\004\075\004\070\004\065\000\040\004\103\004\107\004\060\004\101\004\102\004\075\004\070\004\072\004\060\004\074\004\070\000\040\004\077\004\100\004\076\004\065\004\072\004\102\004\060\000\273}{subsection.2.5}% 25
\BOOKMARK [3][-]{subsubsection.2.5.13}{\376\377\004\041\004\106\004\065\004\075\004\060\004\100\004\070\004\071\000\040\004\077\004\100\004\065\004\106\004\065\004\064\004\065\004\075\004\102\004\060\000\040\000\253\004\041\004\076\004\067\004\064\004\060\004\075\004\070\004\065\000\040\004\064\004\076\004\101\004\072\004\070\000\273}{subsection.2.5}% 26
\BOOKMARK [3][-]{subsubsection.2.5.14}{\376\377\004\041\004\106\004\065\004\075\004\060\004\100\004\070\004\071\000\040\004\077\004\100\004\065\004\106\004\065\004\064\004\065\004\075\004\102\004\060\000\040\000\253\004\040\004\065\004\064\004\060\004\072\004\102\004\070\004\100\004\076\004\062\004\060\004\075\004\070\004\065\000\040\004\064\004\076\004\101\004\072\004\070\000\273}{subsection.2.5}% 27
\BOOKMARK [3][-]{subsubsection.2.5.15}{\376\377\004\041\004\106\004\065\004\075\004\060\004\100\004\070\004\071\000\040\004\077\004\100\004\065\004\106\004\065\004\064\004\065\004\075\004\102\004\060\000\040\000\253\004\043\004\064\004\060\004\073\004\065\004\075\004\070\004\065\000\040\004\064\004\076\004\101\004\072\004\070\000\273}{subsection.2.5}% 28
\BOOKMARK [3][-]{subsubsection.2.5.16}{\376\377\004\041\004\106\004\065\004\075\004\060\004\100\004\070\004\071\000\040\004\077\004\100\004\065\004\106\004\065\004\064\004\065\004\075\004\102\004\060\000\040\000\253\004\030\004\067\004\074\004\065\004\075\004\065\004\075\004\070\004\065\000\040\004\077\004\076\004\100\004\117\004\064\004\072\004\060\000\040\004\064\004\076\004\101\004\076\004\072\000\273}{subsection.2.5}% 29
\BOOKMARK [3][-]{subsubsection.2.5.17}{\376\377\004\041\004\106\004\065\004\075\004\060\004\100\004\070\004\071\000\040\004\077\004\100\004\065\004\106\004\065\004\064\004\065\004\075\004\102\004\060\000\040\000\253\004\041\004\076\004\067\004\064\004\060\004\075\004\070\004\065\000\240\000\040\004\067\004\060\004\064\004\060\004\107\004\070\000\273}{subsection.2.5}% 30
\BOOKMARK [3][-]{subsubsection.2.5.18}{\376\377\004\041\004\106\004\065\004\075\004\060\004\100\004\070\004\071\000\040\004\077\004\100\004\065\004\106\004\065\004\064\004\065\004\075\004\102\004\060\000\040\000\253\004\037\004\100\004\076\004\101\004\074\004\076\004\102\004\100\000\040\004\067\004\060\004\064\004\060\004\107\004\070\000\273}{subsection.2.5}% 31
\BOOKMARK [3][-]{subsubsection.2.5.19}{\376\377\004\041\004\106\004\065\004\075\004\060\004\100\004\070\004\071\000\040\004\077\004\100\004\065\004\106\004\065\004\064\004\065\004\075\004\102\004\060\000\040\000\253\004\040\004\065\004\064\004\060\004\072\004\102\004\070\004\100\004\076\004\062\004\060\004\075\004\070\004\065\000\040\004\067\004\060\004\064\004\060\004\107\004\070\000\273}{subsection.2.5}% 32
\BOOKMARK [3][-]{subsubsection.2.5.20}{\376\377\004\041\004\106\004\065\004\075\004\060\004\100\004\070\004\071\000\040\004\077\004\100\004\065\004\106\004\065\004\064\004\065\004\075\004\102\004\060\000\040\000\253\004\043\004\064\004\060\004\073\004\065\004\075\004\070\004\065\000\040\004\067\004\060\004\064\004\060\004\107\004\070\000\273}{subsection.2.5}% 33
\BOOKMARK [3][-]{subsubsection.2.5.21}{\376\377\004\041\004\106\004\065\004\075\004\060\004\100\004\070\004\071\000\040\004\077\004\100\004\065\004\106\004\065\004\064\004\065\004\075\004\102\004\060\000\040\000\253\004\037\004\065\004\100\004\065\004\074\004\065\004\111\004\065\004\075\004\070\004\065\000\040\004\067\004\060\004\064\004\060\004\107\004\070\000\273}{subsection.2.5}% 34
\BOOKMARK [2][-]{subsection.2.6}{\376\377\004\042\004\100\004\065\004\061\004\076\004\062\004\060\004\075\004\070\004\117\000\040\004\077\004\076\004\073\004\114\004\067\004\076\004\062\004\060\004\102\004\065\004\073\004\117\000\040\004\072\000\040\004\070\004\075\004\102\004\065\004\100\004\104\004\065\004\071\004\101\004\103\000\040\000w\000e\000b\000-\004\070\004\075\004\102\004\065\004\100\004\104\004\065\004\071\004\101\004\060}{section.2}% 35
\BOOKMARK [2][-]{subsection.2.7}{\376\377\004\035\004\065\004\104\004\103\004\075\004\072\004\106\004\070\004\076\004\075\004\060\004\073\004\114\004\075\004\113\004\065\000\040\004\102\004\100\004\065\004\061\004\076\004\062\004\060\004\075\004\070\004\117}{section.2}% 36
\BOOKMARK [3][-]{subsubsection.2.7.1}{\376\377\004\042\004\100\004\065\004\061\004\076\004\062\004\060\004\075\004\070\004\117\000\040\004\072\000\040\004\077\004\100\004\076\004\063\004\100\004\060\004\074\004\074\004\075\004\076\004\074\004\103\000\040\004\076\004\061\004\065\004\101\004\077\004\065\004\107\004\065\004\075\004\070\004\116}{subsection.2.7}% 37
\BOOKMARK [2][-]{subsection.2.8}{\376\377\004\036\004\063\004\100\004\060\004\075\004\070\004\107\004\065\004\075\004\070\004\117}{section.2}% 38
\BOOKMARK [3][-]{subsubsection.2.8.1}{\376\377\004\042\004\100\004\065\004\061\004\076\004\062\004\060\004\075\004\070\004\117\000\040\004\072\000\040\004\060\004\077\004\077\004\060\004\100\004\060\004\102\004\075\004\076\004\074\004\103\000\040\004\076\004\061\004\065\004\101\004\077\004\065\004\107\004\065\004\075\004\070\004\116}{subsection.2.8}% 39
\BOOKMARK [2][-]{subsection.2.9}{\376\377\004\042\004\100\004\065\004\061\004\076\004\062\004\060\004\075\004\070\004\117\000\040\004\072\000\040\004\076\004\104\004\076\004\100\004\074\004\073\004\065\004\075\004\070\004\116\000\040\004\064\004\076\004\072\004\103\004\074\004\065\004\075\004\102\004\060\004\106\004\070\004\070}{section.2}% 40
\BOOKMARK [1][-]{section.3}{\376\377\004\042\004\065\004\105\004\075\004\070\004\107\004\065\004\101\004\072\004\070\004\071\000\040\004\077\004\100\004\076\004\065\004\072\004\102}{}% 41
\BOOKMARK [2][-]{subsection.3.1}{\376\377\004\036\004\061\004\111\004\060\004\117\000\040\004\105\004\060\004\100\004\060\004\072\004\102\004\065\004\100\004\070\004\101\004\102\004\070\004\072\004\060\000\040\004\076\004\100\004\063\004\060\004\075\004\070\004\067\004\060\004\106\004\070\004\070\000\040\004\100\004\065\004\110\004\065\004\075\004\070\004\117\000\040\004\067\004\060\004\064\004\060\004\107\004\070}{section.3}% 42
\BOOKMARK [2][-]{subsection.3.2}{\376\377\004\036\004\061\004\076\004\101\004\075\004\076\004\062\004\060\004\075\004\070\004\065\000\040\004\062\004\113\004\061\004\076\004\100\004\060\000\040\004\102\004\065\004\105\004\075\004\076\004\073\004\076\004\063\004\070\004\070\000\040\004\077\004\100\004\076\004\065\004\072\004\102\004\070\004\100\004\076\004\062\004\060\004\075\004\070\004\117}{section.3}% 43
\BOOKMARK [3][-]{subsubsection.3.2.1}{\376\377\004\057\004\067\004\113\004\072\000\040\004\077\004\100\004\076\004\063\004\100\004\060\004\074\004\074\004\070\004\100\004\076\004\062\004\060\004\075\004\070\004\117\000\040\000J\000a\000v\000a\000S\000c\000r\000i\000p\000t}{subsection.3.2}% 44
\BOOKMARK [3][-]{subsubsection.3.2.2}{\376\377\004\041\004\100\004\065\004\064\004\060\000\040\004\062\004\113\004\077\004\076\004\073\004\075\004\065\004\075\004\070\004\117\000\040\000N\000o\000d\000e\000.\000j\000s}{subsection.3.2}% 45
\BOOKMARK [3][-]{subsubsection.3.2.3}{\376\377\004\021\004\070\004\061\004\073\004\070\004\076\004\102\004\065\004\072\004\060\000\040\000R\000e\000a\000c\000t}{subsection.3.2}% 46
\BOOKMARK [3][-]{subsubsection.3.2.4}{\376\377\000P\000o\000s\000t\000g\000r\000e\000S\000Q\000L}{subsection.3.2}% 47
\BOOKMARK [2][-]{subsection.3.3}{\376\377\004\024\004\070\004\060\004\063\004\100\004\060\004\074\004\074\004\060\000\040\004\072\004\076\004\074\004\077\004\076\004\075\004\065\004\075\004\102\004\076\004\062}{section.3}% 48
\BOOKMARK [2][-]{subsection.3.4}{\376\377\004\041\004\102\004\100\004\103\004\072\004\102\004\103\004\100\004\060\000\040\004\077\004\100\004\076\004\063\004\100\004\060\004\074\004\074\004\113}{section.3}% 49
\BOOKMARK [3][-]{subsubsection.3.4.1}{\376\377\004\032\004\073\004\070\004\065\004\075\004\102\004\101\004\072\004\060\004\117\000\040\004\107\004\060\004\101\004\102\004\114}{subsection.3.4}% 50
\BOOKMARK [3][-]{subsubsection.3.4.2}{\376\377\004\041\004\065\004\100\004\062\004\065\004\100\004\075\004\060\004\117\000\040\004\107\004\060\004\101\004\102\004\114}{subsection.3.4}% 51
\BOOKMARK [3][-]{subsubsection.3.4.3}{\376\377\004\032\004\073\004\070\004\065\004\075\004\102\004\101\004\072\004\070\004\065\000\040\004\101\004\065\004\100\004\062\004\070\004\101\004\113}{subsection.3.4}% 52
\BOOKMARK [3][-]{subsubsection.3.4.4}{\376\377\004\043\004\077\004\100\004\060\004\062\004\073\004\065\004\075\004\070\004\065\000\040\004\101\004\076\004\101\004\102\004\076\004\117\004\075\004\070\004\065\004\074\000\040\004\070\000\040\004\101\004\102\004\070\004\073\004\070\004\067\004\060\004\106\004\070\004\117}{subsection.3.4}% 53
\BOOKMARK [3][-]{subsubsection.3.4.5}{\376\377\004\042\004\076\004\107\004\072\004\060\000\040\004\062\004\105\004\076\004\064\004\060\000\040\004\070\000\040\004\072\004\076\004\075\004\104\004\070\004\063\004\103\004\100\004\060\004\106\004\070\004\117\000\040\004\021\004\024}{subsection.3.4}% 54
\BOOKMARK [2][-]{subsection.3.5}{\376\377\004\041\004\102\004\100\004\103\004\072\004\102\004\103\004\100\004\060\000\040\004\061\004\060\004\067\004\113\000\040\004\064\004\060\004\075\004\075\004\113\004\105}{section.3}% 55
\BOOKMARK [1][-]{section.4}{\376\377\004\040\004\060\004\061\004\076\004\107\004\070\004\071\000\040\004\077\004\100\004\076\004\065\004\072\004\102}{}% 56
\BOOKMARK [2][-]{subsection.4.1}{\376\377\004\041\004\077\004\065\004\106\004\070\004\104\004\070\004\072\004\060\004\106\004\070\004\117\000\040\004\101\004\070\004\101\004\102\004\065\004\074\004\113}{section.4}% 57
\BOOKMARK [3][-]{subsubsection.4.1.1}{\376\377\004\034\004\076\004\064\004\103\004\073\004\114\000\040\000A\000p\000p\000.\000j\000s\000x}{subsection.4.1}% 58
\BOOKMARK [3][-]{subsubsection.4.1.2}{\376\377\004\034\004\076\004\064\004\103\004\073\004\114\000\040\000i\000n\000d\000e\000x\000.\000c\000s\000s}{subsection.4.1}% 59
\BOOKMARK [3][-]{subsubsection.4.1.3}{\376\377\004\034\004\076\004\064\004\103\004\073\004\114\000\040\000m\000a\000i\000n\000.\000j\000s\000x}{subsection.4.1}% 60
\BOOKMARK [3][-]{subsubsection.4.1.4}{\376\377\004\034\004\076\004\064\004\103\004\073\004\114\000\040\000s\000t\000o\000r\000e\000.\000j\000s}{subsection.4.1}% 61
\BOOKMARK [3][-]{subsubsection.4.1.5}{\376\377\004\034\004\076\004\064\004\103\004\073\004\114\000\040\000p\000r\000o\000j\000e\000c\000t\000s\000P\000a\000n\000e\000l\000.\000j\000s\000x}{subsection.4.1}% 62
\BOOKMARK [3][-]{subsubsection.4.1.6}{\376\377\004\034\004\076\004\064\004\103\004\073\004\114\000\040\000s\000e\000t\000t\000i\000n\000g\000s\000P\000a\000n\000e\000l\000.\000j\000s\000x}{subsection.4.1}% 63
\BOOKMARK [3][-]{subsubsection.4.1.7}{\376\377\004\034\004\076\004\064\004\103\004\073\004\114\000\040\000a\000u\000t\000h\000P\000a\000g\000e\000.\000j\000s\000x}{subsection.4.1}% 64
\BOOKMARK [3][-]{subsubsection.4.1.8}{\376\377\004\034\004\076\004\064\004\103\004\073\004\114\000\040\000t\000a\000s\000k\000P\000a\000g\000e\000.\000j\000s\000x}{subsection.4.1}% 65
\BOOKMARK [3][-]{subsubsection.4.1.9}{\376\377\004\034\004\076\004\064\004\103\004\073\004\114\000\040\000u\000s\000e\000r\000P\000r\000o\000f\000i\000l\000e\000P\000a\000g\000e\000.\000j\000s\000x}{subsection.4.1}% 66
\BOOKMARK [3][-]{subsubsection.4.1.10}{\376\377\004\034\004\076\004\064\004\103\004\073\004\114\000\040\000l\000a\000y\000o\000u\000t\000O\000b\000j\000e\000c\000t\000.\000j\000s\000x}{subsection.4.1}% 67
\BOOKMARK [3][-]{subsubsection.4.1.11}{\376\377\004\034\004\076\004\064\004\103\004\073\004\114\000\040\000t\000a\000s\000k\000O\000b\000j\000e\000c\000t\000.\000j\000s\000x}{subsection.4.1}% 68
\BOOKMARK [3][-]{subsubsection.4.1.12}{\376\377\004\034\004\076\004\064\004\103\004\073\004\114\000\040\000t\000o\000o\000l\000t\000i\000p\000O\000b\000j\000e\000c\000t\000.\000j\000s\000x}{subsection.4.1}% 69
\BOOKMARK [3][-]{subsubsection.4.1.13}{\376\377\004\034\004\076\004\064\004\103\004\073\004\114\000\040\000b\000o\000a\000r\000d\000O\000b\000j\000e\000c\000t\000.\000j\000s\000x}{subsection.4.1}% 70
\BOOKMARK [3][-]{subsubsection.4.1.14}{\376\377\004\034\004\076\004\064\004\103\004\073\004\114\000\040\000e\000d\000i\000t\000B\000o\000a\000r\000d\000M\000o\000d\000a\000l\000.\000j\000s\000x}{subsection.4.1}% 71
\BOOKMARK [3][-]{subsubsection.4.1.15}{\376\377\004\034\004\076\004\064\004\103\004\073\004\114\000\040\000e\000d\000i\000t\000P\000r\000o\000f\000i\000l\000e\000M\000o\000d\000a\000l\000.\000j\000s\000x}{subsection.4.1}% 72
\BOOKMARK [3][-]{subsubsection.4.1.16}{\376\377\004\034\004\076\004\064\004\103\004\073\004\114\000\040\000e\000d\000i\000t\000P\000r\000o\000j\000e\000c\000t\000M\000o\000d\000a\000l\000.\000j\000s\000x}{subsection.4.1}% 73
\BOOKMARK [3][-]{subsubsection.4.1.17}{\376\377\004\034\004\076\004\064\004\103\004\073\004\114\000\040\000e\000d\000i\000t\000T\000a\000s\000k\000M\000o\000d\000a\000l\000.\000j\000s\000x}{subsection.4.1}% 74
\BOOKMARK [3][-]{subsubsection.4.1.18}{\376\377\004\034\004\076\004\064\004\103\004\073\004\114\000\040\000m\000a\000n\000a\000g\000e\000M\000e\000m\000b\000e\000r\000s\000M\000o\000d\000a\000l\000.\000j\000s\000x}{subsection.4.1}% 75
\BOOKMARK [3][-]{subsubsection.4.1.19}{\376\377\004\034\004\076\004\064\004\103\004\073\004\114\000\040\000m\000o\000d\000a\000l\000O\000b\000j\000e\000c\000t\000.\000j\000s\000x}{subsection.4.1}% 76
\BOOKMARK [3][-]{subsubsection.4.1.20}{\376\377\004\034\004\076\004\064\004\103\004\073\004\114\000\040\000a\000d\000d\000B\000o\000a\000r\000d\000M\000o\000d\000a\000l\000.\000j\000s\000x}{subsection.4.1}% 77
\BOOKMARK [3][-]{subsubsection.4.1.21}{\376\377\004\034\004\076\004\064\004\103\004\073\004\114\000\040\000a\000d\000d\000P\000r\000o\000j\000e\000c\000t\000M\000o\000d\000a\000l\000.\000j\000s\000x}{subsection.4.1}% 78
\BOOKMARK [3][-]{subsubsection.4.1.22}{\376\377\004\034\004\076\004\064\004\103\004\073\004\114\000\040\000a\000l\000e\000r\000t\000M\000o\000d\000a\000l\000.\000j\000s\000x}{subsection.4.1}% 79
\BOOKMARK [3][-]{subsubsection.4.1.23}{\376\377\004\034\004\076\004\064\004\103\004\073\004\114\000\040\000c\000o\000n\000f\000i\000r\000m\000M\000o\000d\000a\000l\000.\000j\000s\000x}{subsection.4.1}% 80
\BOOKMARK [3][-]{subsubsection.4.1.24}{\376\377\004\034\004\076\004\064\004\103\004\073\004\114\000\040\000s\000e\000r\000v\000e\000r\000.\000j\000s}{subsection.4.1}% 81
\BOOKMARK [3][-]{subsubsection.4.1.25}{\376\377\004\034\004\076\004\064\004\103\004\073\004\114\000\040\000t\000o\000k\000e\000n\000S\000e\000r\000v\000i\000c\000e\000.\000j\000s}{subsection.4.1}% 82
\BOOKMARK [3][-]{subsubsection.4.1.26}{\376\377\004\034\004\076\004\064\004\103\004\073\004\114\000\040\000a\000p\000i\000S\000e\000r\000v\000i\000c\000e\000.\000j\000s}{subsection.4.1}% 83
\BOOKMARK [2][-]{subsection.4.2}{\376\377\004\044\004\103\004\075\004\072\004\106\004\070\004\076\004\075\004\060\004\073\004\114\004\075\004\076\004\065\000\040\004\102\004\065\004\101\004\102\004\070\004\100\004\076\004\062\004\060\004\075\004\070\004\065\000\040\004\062\004\065\004\061\000-\004\077\004\100\004\070\004\073\004\076\004\066\004\065\004\075\004\070\004\117}{section.4}% 84
\BOOKMARK [1][-]{section*.55}{\376\377\004\027\004\020\004\032\004\033\004\056\004\047\004\025\004\035\004\030\004\025}{}% 85
\BOOKMARK [1][-]{Item.213}{\376\377\004\041\004\037\004\030\004\041\004\036\004\032\000\040\004\030\004\041\004\037\004\036\004\033\004\054\004\027\004\036\004\022\004\020\004\035\004\035\004\053\004\045\000\040\004\030\004\041\004\042\004\036\004\047\004\035\004\030\004\032\004\036\004\022}{}% 86
\BOOKMARK [1][-]{section*.57}{\376\377\004\037\004\040\004\030\004\033\004\036\004\026\004\025\004\035\004\030\004\025\000\040\004\020\000\040\004\037\004\100\004\065\004\064\004\101\004\102\004\060\004\062\004\073\004\065\004\075\004\070\004\065\000\040\004\063\004\100\004\060\004\104\004\070\004\107\004\065\004\101\004\072\004\076\004\063\004\076\000\040\004\074\004\060\004\102\004\065\004\100\004\070\004\060\004\073\004\060}{}% 87
\BOOKMARK [1][-]{section*.66}{\376\377\004\037\004\040\004\030\004\033\004\036\004\026\004\025\004\035\004\030\004\025\000\040\004\021\000\040\004\044\004\100\004\060\004\063\004\074\004\065\004\075\004\102\004\113\000\040\004\070\004\101\004\105\004\076\004\064\004\075\004\076\004\063\004\076\000\040\004\072\004\076\004\064\004\060\000\040\004\077\004\100\004\076\004\063\004\100\004\060\004\074\004\074\004\113}{}% 88
\BOOKMARK [1][-]{lstnumber.-1.335}{\376\377\004\035\004\060\000\040\004\076\004\102\004\064\004\065\004\073\004\114\004\075\004\113\004\105\000\040\004\073\004\070\004\101\004\102\004\060\004\105\000\040\000\050\000C\000D\000-\000R\000W\000\040\004\062\000\040\004\077\004\100\004\070\004\072\004\100\004\065\004\077\004\073\004\065\004\075\004\075\004\076\004\074\000\040\004\072\004\076\004\075\004\062\004\065\004\100\004\102\004\065\000\051}{}% 89
